{
  "RSpec": {
    "coverage": {
      "/home/tfischbach/code/gh/cert_watch/spec/cert_watch/certbot_client_spec.rb": [
        1,
        null,
        1,
        1,
        1,
        5,
        null,
        null,
        null,
        1,
        1,
        null,
        1,
        null,
        null,
        1,
        1,
        null,
        1,
        null,
        null,
        1,
        1,
        null,
        1,
        null,
        null,
        1,
        1,
        1,
        null,
        null,
        null,
        1,
        1,
        null,
        1,
        null,
        null,
        null
      ],
      "/home/tfischbach/code/gh/cert_watch/spec/rails_helper.rb": [
        null,
        1,
        null,
        1,
        1,
        null,
        null,
        1,
        null,
        1,
        1,
        null,
        null,
        1,
        1,
        1,
        1,
        null,
        null,
        null,
        1,
        null,
        1,
        null,
        null,
        null,
        1,
        null,
        null,
        1,
        null,
        null,
        null,
        1,
        1,
        null,
        null,
        1,
        1,
        null,
        null,
        1,
        1,
        null,
        null
      ],
      "/home/tfischbach/code/gh/cert_watch/lib/cert_watch.rb": [
        1,
        null,
        1,
        1,
        183,
        183,
        null,
        null,
        1,
        34,
        34,
        null,
        34,
        null,
        null,
        34,
        null,
        null,
        null,
        null,
        1,
        null,
        1,
        null,
        1,
        0,
        null,
        null,
        1,
        5,
        null,
        null
      ],
      "/home/tfischbach/code/gh/cert_watch/lib/cert_watch/engine.rb": [
        1,
        1,
        null,
        1,
        1,
        1,
        null,
        1,
        null,
        null
      ],
      "/home/tfischbach/code/gh/cert_watch/spec/internal/db/schema.rb": [
        1,
        1,
        1,
        1,
        1,
        null,
        null
      ],
      "/home/tfischbach/code/gh/cert_watch/db/migrate/20160711193700_create_certificates.rb": [
        1,
        1,
        1,
        1,
        1,
        null,
        1,
        1,
        null,
        1,
        1,
        null,
        1,
        null,
        null,
        1,
        null,
        null
      ],
      "/home/tfischbach/code/gh/cert_watch/spec/internal/config/routes.rb": [
        1,
        null,
        null
      ],
      "/home/tfischbach/code/gh/cert_watch/config/routes.rb": [
        1,
        null
      ],
      "/home/tfischbach/code/gh/cert_watch/spec/support/config/factory_girl.rb": [
        1,
        null,
        1,
        null,
        1,
        null,
        null,
        1,
        7,
        null,
        null
      ],
      "/home/tfischbach/code/gh/cert_watch/spec/factories/certificates.rb": [
        1,
        1,
        1,
        1,
        null,
        null
      ],
      "/home/tfischbach/code/gh/cert_watch/app/models/cert_watch/certificate.rb": [
        1,
        1,
        1,
        1,
        null,
        1,
        1,
        1,
        1,
        1,
        1,
        null,
        null,
        1,
        1,
        1,
        null,
        null,
        1,
        1,
        1,
        1,
        null,
        null,
        1,
        1,
        1,
        1,
        null,
        null,
        1,
        1,
        null,
        null,
        null,
        5,
        1,
        1,
        5,
        1,
        null,
        null
      ],
      "/home/tfischbach/code/gh/cert_watch/app/jobs/cert_watch/renew_certificate_job.rb": [
        1,
        1,
        1,
        null,
        1,
        null,
        1,
        9,
        7,
        7,
        null,
        2,
        2,
        null,
        null,
        null
      ],
      "/home/tfischbach/code/gh/cert_watch/app/jobs/cert_watch/install_certificate_job.rb": [
        1,
        1,
        1,
        null,
        1,
        null,
        1,
        7,
        5,
        5,
        null,
        2,
        2,
        null,
        null,
        null
      ],
      "/home/tfischbach/code/gh/cert_watch/spec/support/config/timecop.rb": [
        1,
        null,
        1,
        1,
        34,
        null,
        null,
        1,
        null,
        0,
        null,
        null,
        1,
        null,
        0,
        null,
        null,
        1,
        34,
        null,
        null
      ],
      "/home/tfischbach/code/gh/cert_watch/spec/support/config/resque_logger.rb": [
        1,
        1,
        null,
        1,
        1,
        7,
        null,
        null,
        null,
        1,
        null,
        null,
        null,
        null,
        null,
        null
      ],
      "/home/tfischbach/code/gh/cert_watch/spec/support/config/cert_watch.rb": [
        1,
        1,
        34,
        34,
        34,
        null,
        null
      ],
      "/home/tfischbach/code/gh/cert_watch/lib/cert_watch/certbot_client.rb": [
        1,
        1,
        1,
        39,
        39,
        null,
        null,
        1,
        0,
        0,
        0,
        null,
        null,
        0,
        null,
        null,
        1,
        5,
        4,
        null,
        null,
        1,
        null,
        1,
        null,
        4,
        null,
        null,
        null
      ],
      "/home/tfischbach/code/gh/cert_watch/lib/cert_watch/client.rb": [
        1,
        1,
        1,
        0,
        null,
        null,
        null
      ],
      "/home/tfischbach/code/gh/cert_watch/spec/cert_watch/domain_owner_spec.rb": [
        1,
        null,
        1,
        null,
        1,
        1,
        1,
        5,
        5,
        5,
        null,
        null,
        null,
        1,
        1,
        null,
        1,
        null,
        1,
        1,
        null,
        null,
        1,
        1,
        null,
        1,
        1,
        null,
        1,
        1,
        null,
        null,
        1,
        1,
        1,
        1,
        null,
        1,
        null,
        1,
        null,
        null,
        1,
        1,
        1,
        1,
        null,
        1,
        1,
        2,
        null,
        null,
        1,
        1,
        null,
        1,
        1,
        null,
        1,
        null,
        null,
        null
      ],
      "/home/tfischbach/code/gh/cert_watch/spec/support/helpers/doubles.rb": [
        1,
        1,
        1,
        null,
        1,
        34,
        34,
        null,
        null,
        null,
        1,
        2,
        2,
        null,
        null,
        null,
        1,
        34,
        34,
        null,
        null,
        null,
        1,
        2,
        2,
        null,
        null,
        null
      ],
      "/home/tfischbach/code/gh/cert_watch/lib/cert_watch/domain_owner.rb": [
        1,
        1,
        1,
        5,
        null,
        5,
        5,
        null,
        5,
        5,
        9,
        8,
        8,
        null,
        8,
        8,
        null,
        null,
        null,
        null,
        null,
        null,
        null
      ],
      "/home/tfischbach/code/gh/cert_watch/spec/cert_watch/pem_directory_installer_spec.rb": [
        1,
        null,
        1,
        1,
        1,
        6,
        6,
        6,
        null,
        null,
        1,
        1,
        null,
        null,
        1,
        null,
        1,
        null,
        null,
        1,
        1,
        null,
        null,
        1,
        null,
        1,
        null,
        null,
        1,
        1,
        null,
        null,
        1,
        1,
        null,
        null,
        null,
        1,
        1,
        null,
        1,
        1,
        null,
        null,
        null,
        1,
        1,
        null,
        1,
        1,
        null,
        null,
        null,
        1,
        1,
        null,
        null,
        1,
        1,
        null,
        null,
        null,
        null
      ],
      "/home/tfischbach/code/gh/cert_watch/lib/cert_watch/pem_directory_installer.rb": [
        1,
        1,
        1,
        40,
        40,
        40,
        null,
        null,
        1,
        6,
        0,
        0,
        null,
        null,
        6,
        5,
        3,
        null,
        null,
        1,
        null,
        1,
        5,
        null,
        null,
        1,
        null,
        10,
        5,
        null,
        null,
        1,
        5,
        null,
        null,
        1,
        3,
        3,
        null,
        null,
        1,
        8,
        8,
        null,
        8,
        8,
        null,
        8,
        3,
        null,
        null,
        null,
        null
      ],
      "/home/tfischbach/code/gh/cert_watch/spec/support/helpers/fixtures.rb": [
        1,
        null,
        1,
        1,
        null,
        1,
        6,
        null,
        null,
        1,
        12,
        12,
        12,
        null,
        null,
        null,
        1,
        1,
        6,
        6,
        6,
        null,
        null,
        null,
        null
      ],
      "/home/tfischbach/code/gh/cert_watch/spec/cert_watch/sanitize_spec.rb": [
        1,
        null,
        1,
        1,
        1,
        1,
        1,
        1,
        null,
        null,
        null,
        1,
        1,
        1,
        null,
        null,
        null,
        null,
        null
      ],
      "/home/tfischbach/code/gh/cert_watch/lib/cert_watch/sanitize.rb": [
        1,
        1,
        1,
        null,
        1,
        null,
        1,
        13,
        4,
        null,
        null,
        null,
        null
      ],
      "/home/tfischbach/code/gh/cert_watch/lib/cert_watch/error.rb": [
        1,
        1,
        null,
        null
      ],
      "/home/tfischbach/code/gh/cert_watch/spec/cert_watch/views/certificate_state_spec.rb": [
        1,
        null,
        1,
        1,
        1,
        1,
        1,
        1,
        null,
        1,
        null,
        1,
        null,
        null,
        1,
        1,
        null,
        1,
        null,
        null,
        null,
        1,
        1,
        1,
        null,
        1,
        null,
        1,
        null,
        null,
        null,
        null,
        null
      ],
      "/home/tfischbach/code/gh/cert_watch/lib/cert_watch/views/certificate_state.rb": [
        1,
        1,
        null,
        1,
        1,
        1,
        1,
        null,
        1,
        null,
        null,
        null,
        null,
        null,
        null,
        null,
        1,
        3,
        3,
        null,
        3,
        null,
        3,
        null,
        null,
        null,
        1,
        null,
        1,
        3,
        null,
        null,
        1,
        3,
        2,
        null,
        1,
        null,
        null,
        null,
        null,
        null
      ],
      "/home/tfischbach/code/gh/cert_watch/spec/support/helpers/view_component_example_group.rb": [
        1,
        1,
        1,
        1,
        1,
        null,
        1,
        1,
        null,
        null,
        1,
        3,
        null,
        null,
        1,
        0,
        null,
        null,
        1,
        3,
        null,
        0,
        null,
        3,
        null,
        null,
        null,
        null,
        1,
        1,
        null
      ],
      "/home/tfischbach/code/gh/cert_watch/spec/jobs/cert_watch/renew_expiring_certificates_job_spec.rb": [
        1,
        null,
        1,
        1,
        1,
        1,
        1,
        null,
        1,
        null,
        1,
        null,
        null,
        1,
        1,
        1,
        null,
        1,
        null,
        1,
        null,
        null,
        1,
        1,
        1,
        null,
        1,
        null,
        1,
        null,
        null,
        1,
        1,
        1,
        1,
        1,
        null,
        1,
        null,
        1,
        null,
        null,
        null
      ],
      "/home/tfischbach/code/gh/cert_watch/app/jobs/cert_watch/renew_expiring_certificates_job.rb": [
        1,
        1,
        1,
        null,
        1,
        null,
        null,
        null,
        null,
        4,
        null,
        null,
        null
      ],
      "/home/tfischbach/code/gh/cert_watch/spec/models/cert_watch/certificate_spec.rb": [
        1,
        null,
        1,
        1,
        null,
        1,
        1,
        1,
        1,
        1,
        null,
        1,
        null,
        1,
        null,
        null,
        1,
        1,
        null,
        1,
        null,
        1,
        null,
        null,
        1,
        1,
        null,
        1,
        null,
        1,
        null,
        null,
        1,
        1,
        null,
        null,
        null,
        1,
        null,
        1,
        null,
        null,
        1,
        1,
        null,
        null,
        null,
        1,
        null,
        1,
        null,
        null,
        1,
        1,
        2,
        null,
        null,
        1,
        1,
        null,
        1,
        null,
        1,
        null,
        null,
        1,
        1,
        null,
        null,
        null,
        1,
        null,
        1,
        null,
        null,
        null,
        1,
        1,
        2,
        null,
        null,
        1,
        1,
        null,
        1,
        null,
        1,
        null,
        null,
        1,
        1,
        null,
        null,
        null,
        1,
        null,
        1,
        null,
        null,
        null,
        null,
        null
      ],
      "/home/tfischbach/code/gh/cert_watch/spec/support/helpers/inline_resque.rb": [
        1,
        1,
        9,
        null,
        null,
        1,
        9,
        null,
        null
      ],
      "/home/tfischbach/code/gh/cert_watch/lib/cert_watch/configuration.rb": [
        1,
        1,
        null,
        1,
        null,
        null,
        null,
        1,
        null,
        null,
        1,
        null,
        null,
        1,
        null,
        null,
        1,
        null,
        null,
        1,
        null,
        null,
        1,
        null,
        1,
        34,
        34,
        null,
        34,
        34,
        34,
        null,
        34,
        34,
        null,
        null,
        null
      ],
      "/home/tfischbach/code/gh/cert_watch/lib/cert_watch/install_error.rb": [
        1,
        1,
        null,
        null
      ],
      "/home/tfischbach/code/gh/cert_watch/lib/cert_watch/renew_error.rb": [
        1,
        1,
        null,
        null
      ]
    },
    "timestamp": 1468425708
  }
}
